%MSG-i SiStripQualityStatistics:  SiStripQualityStatistics:stat  29-Mar-2017 22:17:25 CEST Run: 290198 Event: 1

-----------------
New IOV starting from run 290198 event 1 lumiBlock 1 time 1 chacheID 2
-----------------

-----------------
Global Info
-----------------
BadComponent 	   Modules 	Fibers 	Apvs	Strips
----------------------------------------------------------------
Tracker:		432	1091	2219	296432

TIB:			200	497	1000	129632
TID:			31	91	182	23743
TOB:			113	270	547	76032
TEC:			88	233	490	67025

TIB Layer 1 :		52	156	313	40181
TIB Layer 2 :		45	135	272	35336
TIB Layer 3 :		37	74	148	19507
TIB Layer 4 :		66	132	267	34608

TID+ Disk 1 :		3	9	18	2403
TID+ Disk 2 :		3	7	14	1839
TID+ Disk 3 :		1	3	6	775
TID- Disk 1 :		7	21	42	5483
TID- Disk 2 :		17	51	102	13198
TID- Disk 3 :		0	0	0	45

TOB Layer 1 :		3	8	16	3219
TOB Layer 2 :		18	39	78	11454
TOB Layer 3 :		24	56	113	15759
TOB Layer 4 :		48	97	195	26200
TOB Layer 5 :		13	44	90	11982
TOB Layer 6 :		7	26	55	7418

TEC+ Disk 1 :		15	39	79	10399
TEC+ Disk 2 :		1	2	5	849
TEC+ Disk 3 :		4	8	16	2544
TEC+ Disk 4 :		2	5	12	1691
TEC+ Disk 5 :		2	5	13	1800
TEC+ Disk 6 :		11	28	57	7342
TEC+ Disk 7 :		11	23	47	6262
TEC+ Disk 8 :		11	23	48	6342
TEC+ Disk 9 :		0	0	3	620
TEC- Disk 1 :		0	2	5	805
TEC- Disk 2 :		10	31	66	8656
TEC- Disk 3 :		0	1	4	822
TEC- Disk 4 :		0	3	6	1023
TEC- Disk 5 :		0	3	8	1378
TEC- Disk 6 :		8	26	52	7132
TEC- Disk 7 :		5	13	27	3760
TEC- Disk 8 :		4	11	22	2957
TEC- Disk 9 :		4	10	20	2643

----------------------------------------------------------------
		   Detid  	Modules Fibers Apvs
----------------------------------------------------------------
TIB Layer 1 :
		 369120549 	 1 	 1 1 1 	 1 1 1 1 1 1 
		 369120550 	 1 	 1 1 1 	 1 1 1 1 1 1 
		 369120553 	 1 	 1 1 1 	 1 1 1 1 1 1 
		 369120554 	 1 	 1 1 1 	 1 1 1 1 1 1 
		 369120557 	 1 	 1 1 1 	 1 1 1 1 1 1 
		 369120558 	 1 	 1 1 1 	 1 1 1 1 1 1 
		 369120565 	 1 	 1 1 1 	 1 1 1 1 1 1 
		 369120566 	 1 	 1 1 1 	 1 1 1 1 1 1 
		 369120569 	 1 	 1 1 1 	 1 1 1 1 1 1 
		 369120570 	 1 	 1 1 1 	 1 1 1 1 1 1 
		 369120573 	 1 	 1 1 1 	 1 1 1 1 1 1 
		 369120574 	 1 	 1 1 1 	 1 1 1 1 1 1 
		 369120581 	 1 	 1 1 1 	 1 1 1 1 1 1 
		 369120582 	 1 	 1 1 1 	 1 1 1 1 1 1 
		 369120585 	 1 	 1 1 1 	 1 1 1 1 1 1 
		 369120586 	 1 	 1 1 1 	 1 1 1 1 1 1 
		 369120589 	 1 	 1 1 1 	 1 1 1 1 1 1 
		 369120590 	 1 	 1 1 1 	 1 1 1 1 1 1 
		 369120597 	 1 	 1 1 1 	 1 1 1 1 1 1 
		 369120598 	 1 	 1 1 1 	 1 1 1 1 1 1 
		 369120601 	 1 	 1 1 1 	 1 1 1 1 1 1 
		 369120602 	 1 	 1 1 1 	 1 1 1 1 1 1 
		 369120605 	 1 	 1 1 1 	 1 1 1 1 1 1 
		 369120606 	 1 	 1 1 1 	 1 1 1 1 1 1 
		 369120613 	 1 	 1 1 1 	 1 1 1 1 1 1 
		 369120614 	 1 	 1 1 1 	 1 1 1 1 1 1 
		 369120617 	 1 	 1 1 1 	 1 1 1 1 1 1 
		 369120618 	 1 	 1 1 1 	 1 1 1 1 1 1 
		 369120621 	 1 	 1 1 1 	 1 1 1 1 1 1 
		 369120622 	 1 	 1 1 1 	 1 1 1 1 1 1 
		 369121349 	 1 	 1 1 1 	 1 1 1 1 1 1 
		 369121350 	 1 	 1 1 1 	 1 1 1 1 1 1 
		 369121353 	 1 	 1 1 1 	 1 1 1 1 1 1 
		 369121354 	 1 	 1 1 1 	 1 1 1 1 1 1 
		 369121357 	 1 	 1 1 1 	 1 1 1 1 1 1 
		 369121358 	 1 	 1 1 1 	 1 1 1 1 1 1 
		 369121722 	 1 	 1 1 1 	 1 1 1 1 1 1 
		 369125398 	 1 	 1 1 1 	 1 1 1 1 1 1 
		 369125402 	 1 	 1 1 1 	 1 1 1 1 1 1 
		 369125406 	 1 	 1 1 1 	 1 1 1 1 1 1 
		 369125557 	 0 	 0 0 0 	 0 0 1 0 0 0 
		 369125598 	 1 	 1 1 1 	 1 1 1 1 1 1 
		 369125646 	 1 	 1 1 1 	 1 1 1 1 1 1 
		 369125694 	 1 	 1 1 1 	 1 1 1 1 1 1 
		 369125733 	 1 	 1 1 1 	 1 1 1 1 1 1 
		 369125734 	 1 	 1 1 1 	 1 1 1 1 1 1 
		 369125738 	 1 	 1 1 1 	 1 1 1 1 1 1 
		 369125741 	 1 	 1 1 1 	 1 1 1 1 1 1 
		 369125742 	 1 	 1 1 1 	 1 1 1 1 1 1 
		 369125786 	 1 	 1 1 1 	 1 1 1 1 1 1 
		 369125789 	 1 	 1 1 1 	 1 1 1 1 1 1 
		 369125790 	 1 	 1 1 1 	 1 1 1 1 1 1 
		 369125865 	 1 	 1 1 1 	 1 1 1 1 1 1 
TIB Layer 2 :
		 369136725 	 1 	 1 1 1 	 1 1 1 1 1 1 
		 369136726 	 1 	 1 1 1 	 1 1 1 1 1 1 
		 369136729 	 1 	 1 1 1 	 1 1 1 1 1 1 
		 369136730 	 1 	 1 1 1 	 1 1 1 1 1 1 
		 369136909 	 1 	 1 1 1 	 1 1 1 1 1 1 
		 369137741 	 1 	 1 1 1 	 1 1 1 1 1 1 
		 369140757 	 1 	 1 1 1 	 1 1 1 1 1 1 
		 369140758 	 1 	 1 1 1 	 1 1 1 1 1 1 
		 369140761 	 1 	 1 1 1 	 1 1 1 1 1 1 
		 369140762 	 1 	 1 1 1 	 1 1 1 1 1 1 
		 369140765 	 1 	 1 1 1 	 1 1 1 1 1 1 
		 369140766 	 1 	 1 1 1 	 1 1 1 1 1 1 
		 369140773 	 1 	 1 1 1 	 1 1 1 1 1 1 
		 369140774 	 1 	 1 1 1 	 1 1 1 1 1 1 
		 369140777 	 1 	 1 1 1 	 1 1 1 1 1 1 
		 369140778 	 1 	 1 1 1 	 1 1 1 1 1 1 
		 369140781 	 1 	 1 1 1 	 1 1 1 1 1 1 
		 369140782 	 1 	 1 1 1 	 1 1 1 1 1 1 
		 369140789 	 1 	 1 1 1 	 1 1 1 1 1 1 
		 369140790 	 1 	 1 1 1 	 1 1 1 1 1 1 
		 369140793 	 1 	 1 1 1 	 1 1 1 1 1 1 
		 369140794 	 1 	 1 1 1 	 1 1 1 1 1 1 
		 369140797 	 1 	 1 1 1 	 1 1 1 1 1 1 
		 369140798 	 1 	 1 1 1 	 1 1 1 1 1 1 
		 369140805 	 1 	 1 1 1 	 1 1 1 1 1 1 
		 369140806 	 1 	 1 1 1 	 1 1 1 1 1 1 
		 369140809 	 1 	 1 1 1 	 1 1 1 1 1 1 
		 369140810 	 1 	 1 1 1 	 1 1 1 1 1 1 
		 369140813 	 1 	 1 1 1 	 1 1 1 1 1 1 
		 369140814 	 1 	 1 1 1 	 1 1 1 1 1 1 
		 369140821 	 1 	 1 1 1 	 1 1 1 1 1 1 
		 369140822 	 1 	 1 1 1 	 1 1 1 1 1 1 
		 369140825 	 1 	 1 1 1 	 1 1 1 1 1 1 
		 369140826 	 1 	 1 1 1 	 1 1 1 1 1 1 
		 369140829 	 1 	 1 1 1 	 1 1 1 1 1 1 
		 369140830 	 1 	 1 1 1 	 1 1 1 1 1 1 
		 369140870 	 1 	 1 1 1 	 1 1 1 1 1 1 
		 369141222 	 1 	 1 1 1 	 1 1 1 1 1 1 
		 369141225 	 1 	 1 1 1 	 1 1 1 1 1 1 
		 369141230 	 1 	 1 1 1 	 1 1 1 1 1 1 
		 369141941 	 0 	 0 0 0 	 0 1 0 0 0 0 
		 369141961 	 1 	 1 1 1 	 1 1 1 1 1 1 
		 369142042 	 0 	 0 0 0 	 0 0 0 0 0 1 
		 369142073 	 1 	 1 1 1 	 1 1 1 1 1 1 
		 369142261 	 1 	 1 1 1 	 1 1 1 1 1 1 
		 369142265 	 1 	 1 1 1 	 1 1 1 1 1 1 
		 369142269 	 1 	 1 1 1 	 1 1 1 1 1 1 
TIB Layer 3 :
		 369153092 	 1 	 1 x 1 	 1 1 x x 1 1
		 369153096 	 1 	 1 x 1 	 1 1 x x 1 1
		 369153100 	 1 	 1 x 1 	 1 1 x x 1 1
		 369153448 	 1 	 1 x 1 	 1 1 x x 1 1
		 369153540 	 1 	 1 x 1 	 1 1 x x 1 1
		 369153544 	 1 	 1 x 1 	 1 1 x x 1 1
		 369153548 	 1 	 1 x 1 	 1 1 x x 1 1
		 369153588 	 1 	 1 x 1 	 1 1 x x 1 1
		 369153592 	 1 	 1 x 1 	 1 1 x x 1 1
		 369153596 	 1 	 1 x 1 	 1 1 x x 1 1
		 369154116 	 1 	 1 x 1 	 1 1 x x 1 1
		 369154120 	 1 	 1 x 1 	 1 1 x x 1 1
		 369154124 	 1 	 1 x 1 	 1 1 x x 1 1
		 369154380 	 1 	 1 x 1 	 1 1 x x 1 1
		 369154692 	 1 	 1 x 1 	 1 1 x x 1 1
		 369157188 	 1 	 1 x 1 	 1 1 x x 1 1
		 369157192 	 1 	 1 x 1 	 1 1 x x 1 1
		 369157196 	 1 	 1 x 1 	 1 1 x x 1 1
		 369158180 	 1 	 1 x 1 	 1 1 x x 1 1
		 369158184 	 1 	 1 x 1 	 1 1 x x 1 1
		 369158188 	 1 	 1 x 1 	 1 1 x x 1 1
		 369158212 	 1 	 1 x 1 	 1 1 x x 1 1
		 369158216 	 1 	 1 x 1 	 1 1 x x 1 1
		 369158220 	 1 	 1 x 1 	 1 1 x x 1 1
		 369158228 	 1 	 1 x 1 	 1 1 x x 1 1
		 369158232 	 1 	 1 x 1 	 1 1 x x 1 1
		 369158236 	 1 	 1 x 1 	 1 1 x x 1 1
		 369158244 	 1 	 1 x 1 	 1 1 x x 1 1
		 369158248 	 1 	 1 x 1 	 1 1 x x 1 1
		 369158252 	 1 	 1 x 1 	 1 1 x x 1 1
		 369158260 	 1 	 1 x 1 	 1 1 x x 1 1
		 369158264 	 1 	 1 x 1 	 1 1 x x 1 1
		 369158268 	 1 	 1 x 1 	 1 1 x x 1 1
		 369158740 	 1 	 1 x 1 	 1 1 x x 1 1
		 369158744 	 1 	 1 x 1 	 1 1 x x 1 1
		 369158748 	 1 	 1 x 1 	 1 1 x x 1 1
		 369158884 	 1 	 1 x 1 	 1 1 x x 1 1
TIB Layer 4 :
		 369169532 	 1 	 1 x 1 	 1 1 x x 1 1
		 369169540 	 1 	 1 x 1 	 1 1 x x 1 1
		 369169544 	 1 	 1 x 1 	 1 1 x x 1 1
		 369169548 	 1 	 1 x 1 	 1 1 x x 1 1
		 369169604 	 1 	 1 x 1 	 1 1 x x 1 1
		 369169608 	 1 	 1 x 1 	 1 1 x x 1 1
		 369169612 	 1 	 1 x 1 	 1 1 x x 1 1
		 369169748 	 1 	 1 x 1 	 1 1 x x 1 1
		 369169752 	 1 	 1 x 1 	 1 1 x x 1 1
		 369169756 	 1 	 1 x 1 	 1 1 x x 1 1
		 369169940 	 1 	 1 x 1 	 1 1 x x 1 1
		 369169944 	 1 	 1 x 1 	 1 1 x x 1 1
		 369169948 	 1 	 1 x 1 	 1 1 x x 1 1
		 369170044 	 1 	 1 x 1 	 1 1 x x 1 1
		 369170100 	 1 	 1 x 1 	 1 1 x x 1 1
		 369170104 	 1 	 1 x 1 	 1 1 x x 1 1
		 369170108 	 1 	 1 x 1 	 1 1 x x 1 1
		 369170148 	 1 	 1 x 1 	 1 1 x x 1 1
		 369170152 	 1 	 1 x 1 	 1 1 x x 1 1
		 369170156 	 1 	 1 x 1 	 1 1 x x 1 1
		 369170452 	 1 	 1 x 1 	 1 1 x x 1 1
		 369170456 	 1 	 1 x 1 	 1 1 x x 1 1
		 369170460 	 1 	 1 x 1 	 1 1 x x 1 1
		 369170500 	 1 	 1 x 1 	 1 1 x x 1 1
		 369170504 	 1 	 1 x 1 	 1 1 x x 1 1
		 369170508 	 1 	 1 x 1 	 1 1 x x 1 1
		 369170516 	 0 	 0 x 0 	 1 0 x x 0 0
		 369171012 	 1 	 1 x 1 	 1 1 x x 1 1
		 369171016 	 1 	 1 x 1 	 1 1 x x 1 1
		 369171020 	 1 	 1 x 1 	 1 1 x x 1 1
		 369171044 	 1 	 1 x 1 	 1 1 x x 1 1
		 369171048 	 1 	 1 x 1 	 1 1 x x 1 1
		 369171052 	 1 	 1 x 1 	 1 1 x x 1 1
		 369171124 	 1 	 1 x 1 	 1 1 x x 1 1
		 369171128 	 1 	 1 x 1 	 1 1 x x 1 1
		 369171132 	 1 	 1 x 1 	 1 1 x x 1 1
		 369171188 	 1 	 1 x 1 	 1 1 x x 1 1
		 369171192 	 1 	 1 x 1 	 1 1 x x 1 1
		 369171196 	 1 	 1 x 1 	 1 1 x x 1 1
		 369171204 	 1 	 1 x 1 	 1 1 x x 1 1
		 369171208 	 1 	 1 x 1 	 1 1 x x 1 1
		 369171212 	 1 	 1 x 1 	 1 1 x x 1 1
		 369171220 	 1 	 1 x 1 	 1 1 x x 1 1
		 369171224 	 1 	 1 x 1 	 1 1 x x 1 1
		 369171228 	 1 	 1 x 1 	 1 1 x x 1 1
		 369171236 	 1 	 1 x 1 	 1 1 x x 1 1
		 369171240 	 1 	 1 x 1 	 1 1 x x 1 1
		 369171244 	 1 	 1 x 1 	 1 1 x x 1 1
		 369171252 	 1 	 1 x 1 	 1 1 x x 1 1
		 369171256 	 1 	 1 x 1 	 1 1 x x 1 1
		 369171260 	 1 	 1 x 1 	 1 1 x x 1 1
		 369171284 	 1 	 1 x 1 	 1 1 x x 1 1
		 369171288 	 1 	 1 x 1 	 1 1 x x 1 1
		 369171292 	 1 	 1 x 1 	 1 1 x x 1 1
		 369171300 	 1 	 1 x 1 	 1 1 x x 1 1
		 369171304 	 1 	 1 x 1 	 1 1 x x 1 1
		 369171308 	 1 	 1 x 1 	 1 1 x x 1 1
		 369171316 	 1 	 1 x 1 	 1 1 x x 1 1
		 369171320 	 1 	 1 x 1 	 1 1 x x 1 1
		 369171324 	 1 	 1 x 1 	 1 1 x x 1 1
		 369173868 	 1 	 1 x 1 	 1 1 x x 1 1
		 369173916 	 0 	 0 x 0 	 0 0 x x 1 0
		 369174964 	 1 	 1 x 1 	 1 1 x x 1 1
		 369174968 	 1 	 1 x 1 	 1 1 x x 1 1
		 369174972 	 1 	 1 x 1 	 1 1 x x 1 1
		 369175112 	 0 	 0 x 0 	 0 0 x x 0 1
		 369175428 	 1 	 1 x 1 	 1 1 x x 1 1
		 369175432 	 1 	 1 x 1 	 1 1 x x 1 1
		 369175436 	 1 	 1 x 1 	 1 1 x x 1 1

TID+ Disk 1 :
		 402672394 	 1 	 1 1 1 	 1 1 1 1 1 1 
		 402672398 	 1 	 1 1 1 	 1 1 1 1 1 1 
		 402672402 	 1 	 1 1 1 	 1 1 1 1 1 1 
TID+ Disk 2 :
		 402674837 	 1 	 1 1 1 	 1 1 1 1 1 1 
		 402675372 	 1 	 1 x 1 	 1 1 x x 1 1
		 402675376 	 1 	 1 x 1 	 1 1 x x 1 1
TID+ Disk 3 :
		 402676914 	 1 	 1 1 1 	 1 1 1 1 1 1 
TID- Disk 1 :
		 402664221 	 1 	 1 1 1 	 1 1 1 1 1 1 
		 402664222 	 1 	 1 1 1 	 1 1 1 1 1 1 
		 402664225 	 1 	 1 1 1 	 1 1 1 1 1 1 
		 402664226 	 1 	 1 1 1 	 1 1 1 1 1 1 
		 402664229 	 1 	 1 1 1 	 1 1 1 1 1 1 
		 402664230 	 1 	 1 1 1 	 1 1 1 1 1 1 
		 402664582 	 1 	 1 1 1 	 1 1 1 1 1 1 
TID- Disk 2 :
		 402666125 	 1 	 1 1 1 	 1 1 1 1 1 1 
		 402666129 	 1 	 1 1 1 	 1 1 1 1 1 1 
		 402666133 	 1 	 1 1 1 	 1 1 1 1 1 1 
		 402666137 	 1 	 1 1 1 	 1 1 1 1 1 1 
		 402666138 	 1 	 1 1 1 	 1 1 1 1 1 1 
		 402666141 	 1 	 1 1 1 	 1 1 1 1 1 1 
		 402666265 	 1 	 1 1 1 	 1 1 1 1 1 1 
		 402666266 	 1 	 1 1 1 	 1 1 1 1 1 1 
		 402666269 	 1 	 1 1 1 	 1 1 1 1 1 1 
		 402666270 	 1 	 1 1 1 	 1 1 1 1 1 1 
		 402666629 	 1 	 1 1 1 	 1 1 1 1 1 1 
		 402666630 	 1 	 1 1 1 	 1 1 1 1 1 1 
		 402666669 	 1 	 1 1 1 	 1 1 1 1 1 1 
		 402666670 	 1 	 1 1 1 	 1 1 1 1 1 1 
		 402666673 	 1 	 1 1 1 	 1 1 1 1 1 1 
		 402666674 	 1 	 1 1 1 	 1 1 1 1 1 1 
		 402666777 	 1 	 1 1 1 	 1 1 1 1 1 1 
TID- Disk 3 :

TOB Layer 1 :
		 436232470 	 0 	 0 x 1 	 0 0 x x 1 1
		 436232774 	 1 	 1 x 1 	 1 1 x x 1 1
		 436233142 	 0 	 0 x 1 	 0 0 x x 1 1
		 436233285 	 1 	 1 x 1 	 1 1 x x 1 1
		 436233286 	 1 	 1 x 1 	 1 1 x x 1 1
TOB Layer 2 :
		 436244773 	 1 	 1 x 1 	 1 1 x x 1 1
		 436244774 	 1 	 1 x 1 	 1 1 x x 1 1
		 436244777 	 1 	 1 x 1 	 1 1 x x 1 1
		 436244778 	 1 	 1 x 1 	 1 1 x x 1 1
		 436244781 	 1 	 1 x 1 	 1 1 x x 1 1
		 436244782 	 1 	 1 x 1 	 1 1 x x 1 1
		 436244785 	 1 	 1 x 1 	 1 1 x x 1 1
		 436244786 	 1 	 1 x 1 	 1 1 x x 1 1
		 436244789 	 1 	 1 x 1 	 1 1 x x 1 1
		 436244790 	 1 	 1 x 1 	 1 1 x x 1 1
		 436244793 	 1 	 1 x 1 	 1 1 x x 1 1
		 436244794 	 1 	 1 x 1 	 1 1 x x 1 1
		 436244845 	 0 	 1 x 0 	 1 1 x x 0 0
		 436245845 	 1 	 1 x 1 	 1 1 x x 1 1
		 436245994 	 0 	 1 x 0 	 1 1 x x 0 0
		 436248850 	 1 	 1 x 1 	 1 1 x x 1 1
		 436248854 	 1 	 1 x 1 	 1 1 x x 1 1
		 436248857 	 1 	 1 x 1 	 1 1 x x 1 1
		 436249349 	 1 	 1 x 1 	 1 1 x x 1 1
		 436249558 	 1 	 1 x 1 	 1 1 x x 1 1
		 436250102 	 0 	 0 x 1 	 0 0 x x 1 1
TOB Layer 3 :
		 436261028 	 1 	 1 x 1 	 1 1 x x 1 1
		 436261032 	 1 	 1 x 1 	 1 1 x x 1 1
		 436261036 	 1 	 1 x 1 	 1 1 x x 1 1
		 436261040 	 1 	 1 x 1 	 1 1 x x 1 1
		 436261044 	 1 	 1 x 1 	 1 1 x x 1 1
		 436261048 	 1 	 1 x 1 	 1 1 x x 1 1
		 436261108 	 0 	 0 x 1 	 0 0 x x 1 1
		 436261352 	 0 	 0 x 1 	 0 0 x x 1 1
		 436261412 	 1 	 1 x 1 	 1 1 x x 1 1
		 436261420 	 1 	 1 x 1 	 1 1 x x 1 1
		 436261428 	 1 	 1 x 1 	 1 1 x x 1 1
		 436261444 	 1 	 1 x 1 	 1 1 x x 1 1
		 436261448 	 1 	 1 x 1 	 1 1 x x 1 1
		 436261452 	 1 	 1 x 1 	 1 1 x x 1 1
		 436261456 	 1 	 1 x 1 	 1 1 x x 1 1
		 436261460 	 1 	 1 x 1 	 1 1 x x 1 1
		 436261464 	 1 	 1 x 1 	 1 1 x x 1 1
		 436261512 	 0 	 0 x 1 	 0 0 x x 1 1
		 436261572 	 0 	 1 x 0 	 1 1 x x 0 0
		 436261872 	 0 	 1 x 0 	 1 1 x x 0 0
		 436261976 	 0 	 0 x 1 	 0 0 x x 1 1
		 436261992 	 1 	 1 x 1 	 1 1 x x 1 1
		 436262000 	 1 	 1 x 1 	 1 1 x x 1 1
		 436262008 	 1 	 1 x 1 	 1 1 x x 1 1
		 436262128 	 0 	 0 x 0 	 0 1 x x 0 0
		 436262220 	 0 	 1 x 0 	 1 1 x x 0 0
		 436266028 	 0 	 1 x 0 	 1 1 x x 0 0
		 436266180 	 1 	 1 x 1 	 1 1 x x 1 1
		 436266184 	 1 	 1 x 1 	 1 1 x x 1 1
		 436266188 	 1 	 1 x 1 	 1 1 x x 1 1
		 436266192 	 1 	 1 x 1 	 1 1 x x 1 1
		 436266196 	 1 	 1 x 1 	 1 1 x x 1 1
		 436266200 	 1 	 1 x 1 	 1 1 x x 1 1
TOB Layer 4 :
		 436277360 	 0 	 1 x 0 	 1 1 x x 0 0
		 436281796 	 1 	 1 x 1 	 1 1 x x 1 1
		 436281800 	 1 	 1 x 1 	 1 1 x x 1 1
		 436281804 	 1 	 1 x 1 	 1 1 x x 1 1
		 436281808 	 1 	 1 x 1 	 1 1 x x 1 1
		 436281812 	 1 	 1 x 1 	 1 1 x x 1 1
		 436281816 	 1 	 1 x 1 	 1 1 x x 1 1
		 436281828 	 1 	 1 x 1 	 1 1 x x 1 1
		 436281832 	 1 	 1 x 1 	 1 1 x x 1 1
		 436281836 	 1 	 1 x 1 	 1 1 x x 1 1
		 436281840 	 1 	 1 x 1 	 1 1 x x 1 1
		 436281844 	 1 	 1 x 1 	 1 1 x x 1 1
		 436281848 	 1 	 1 x 1 	 1 1 x x 1 1
		 436281860 	 1 	 1 x 1 	 1 1 x x 1 1
		 436281864 	 1 	 1 x 1 	 1 1 x x 1 1
		 436281868 	 1 	 1 x 1 	 1 1 x x 1 1
		 436281872 	 1 	 1 x 1 	 1 1 x x 1 1
		 436281876 	 1 	 1 x 1 	 1 1 x x 1 1
		 436281880 	 1 	 1 x 1 	 1 1 x x 1 1
		 436281892 	 1 	 1 x 1 	 1 1 x x 1 1
		 436281896 	 1 	 1 x 1 	 1 1 x x 1 1
		 436281900 	 1 	 1 x 1 	 1 1 x x 1 1
		 436281904 	 1 	 1 x 1 	 1 1 x x 1 1
		 436281908 	 1 	 1 x 1 	 1 1 x x 1 1
		 436281912 	 1 	 1 x 1 	 1 1 x x 1 1
		 436281924 	 1 	 1 x 1 	 1 1 x x 1 1
		 436281928 	 1 	 1 x 1 	 1 1 x x 1 1
		 436281932 	 1 	 1 x 1 	 1 1 x x 1 1
		 436281936 	 1 	 1 x 1 	 1 1 x x 1 1
		 436281940 	 1 	 1 x 1 	 1 1 x x 1 1
		 436281944 	 1 	 1 x 1 	 1 1 x x 1 1
		 436281956 	 1 	 1 x 1 	 1 1 x x 1 1
		 436281960 	 1 	 1 x 1 	 1 1 x x 1 1
		 436281964 	 1 	 1 x 1 	 1 1 x x 1 1
		 436281968 	 1 	 1 x 1 	 1 1 x x 1 1
		 436281972 	 1 	 1 x 1 	 1 1 x x 1 1
		 436281976 	 1 	 1 x 1 	 1 1 x x 1 1
		 436281988 	 1 	 1 x 1 	 1 1 x x 1 1
		 436281992 	 1 	 1 x 1 	 1 1 x x 1 1
		 436281996 	 1 	 1 x 1 	 1 1 x x 1 1
		 436282000 	 1 	 1 x 1 	 1 1 x x 1 1
		 436282004 	 1 	 1 x 1 	 1 1 x x 1 1
		 436282008 	 1 	 1 x 1 	 1 1 x x 1 1
		 436282020 	 1 	 1 x 1 	 1 1 x x 1 1
		 436282024 	 1 	 1 x 1 	 1 1 x x 1 1
		 436282028 	 1 	 1 x 1 	 1 1 x x 1 1
		 436282032 	 1 	 1 x 1 	 1 1 x x 1 1
		 436282036 	 1 	 1 x 1 	 1 1 x x 1 1
		 436282040 	 1 	 1 x 1 	 1 1 x x 1 1
		 436282184 	 0 	 0 x 0 	 0 0 x x 0 1
TOB Layer 5 :
		 436294064 	 0 	 0 1 0 	 0 0 1 1 0 0 
		 436294680 	 0 	 1 0 0 	 1 1 0 0 0 0 
		 436295012 	 1 	 1 1 1 	 1 1 1 1 1 1 
		 436295044 	 1 	 1 1 1 	 1 1 1 1 1 1 
		 436295048 	 1 	 1 1 1 	 1 1 1 1 1 1 
		 436295052 	 1 	 1 1 1 	 1 1 1 1 1 1 
		 436295056 	 1 	 1 1 1 	 1 1 1 1 1 1 
		 436295060 	 1 	 1 1 1 	 1 1 1 1 1 1 
		 436295064 	 1 	 1 1 1 	 1 1 1 1 1 1 
		 436295528 	 1 	 1 1 1 	 1 1 1 1 1 1 
		 436295536 	 1 	 1 1 1 	 1 1 1 1 1 1 
		 436295544 	 1 	 1 1 1 	 1 1 1 1 1 1 
		 436297976 	 0 	 0 1 1 	 0 0 1 1 1 1 
		 436298084 	 0 	 0 0 0 	 0 1 0 0 0 0 
		 436298440 	 1 	 1 1 1 	 1 1 1 1 1 1 
		 436298516 	 0 	 1 0 0 	 1 1 0 0 0 0 
		 436298796 	 1 	 1 1 1 	 1 1 1 1 1 1 
		 436299576 	 0 	 0 0 0 	 1 0 0 0 0 0 
		 436299640 	 1 	 1 1 1 	 1 1 1 1 1 1 
TOB Layer 6 :
		 436310312 	 0 	 0 1 0 	 0 0 1 1 0 0 
		 436310820 	 0 	 0 0 0 	 1 0 0 0 0 0 
		 436310948 	 1 	 1 1 1 	 1 1 1 1 1 1 
		 436310956 	 1 	 1 1 1 	 1 1 1 1 1 1 
		 436310964 	 1 	 1 1 1 	 1 1 1 1 1 1 
		 436311624 	 1 	 1 1 1 	 1 1 1 1 1 1 
		 436311632 	 1 	 1 1 1 	 1 1 1 1 1 1 
		 436311636 	 1 	 1 1 1 	 1 1 1 1 1 1 
		 436311640 	 1 	 1 1 1 	 1 1 1 1 1 1 
		 436314152 	 0 	 0 0 1 	 0 0 0 0 1 1 
		 436314924 	 0 	 1 0 0 	 1 1 0 0 0 0 
		 436315020 	 0 	 1 0 0 	 1 1 0 0 0 0 
		 436315192 	 0 	 1 0 0 	 1 1 0 0 0 0 
		 436315624 	 0 	 0 0 0 	 0 0 0 1 0 0 
		 436315668 	 0 	 0 0 0 	 0 1 0 0 0 0 

TEC+ Disk 1 :
		 470308804 	 1 	 1 x 1 	 1 1 x x 1 1
		 470309029 	 1 	 1 1 1 	 1 1 1 1 1 1 
		 470309030 	 1 	 1 1 1 	 1 1 1 1 1 1 
		 470309033 	 1 	 1 1 1 	 1 1 1 1 1 1 
		 470309034 	 1 	 1 1 1 	 1 1 1 1 1 1 
		 470309037 	 1 	 1 1 1 	 1 1 1 1 1 1 
		 470309038 	 1 	 1 1 1 	 1 1 1 1 1 1 
		 470309092 	 1 	 1 x 1 	 1 1 x x 1 1
		 470309096 	 1 	 1 x 1 	 1 1 x x 1 1
		 470309100 	 1 	 1 x 1 	 1 1 x x 1 1
		 470309104 	 1 	 1 x 1 	 1 1 x x 1 1
		 470309108 	 1 	 1 x 1 	 1 1 x x 1 1
		 470311753 	 1 	 1 1 1 	 1 1 1 1 1 1 
		 470311845 	 1 	 1 1 1 	 1 1 1 1 1 1 
		 470312361 	 1 	 1 1 1 	 1 1 1 1 1 1 
		 470312428 	 0 	 0 x 0 	 0 0 x x 1 0
TEC+ Disk 2 :
		 470325132 	 1 	 1 x 1 	 1 1 x x 1 1
		 470329588 	 0 	 0 x 0 	 0 0 x x 0 1
TEC+ Disk 3 :
		 470344044 	 1 	 1 x 1 	 1 1 x x 1 1
		 470344392 	 1 	 1 x 1 	 1 1 x x 1 1
		 470344420 	 1 	 1 x 1 	 1 1 x x 1 1
		 470344688 	 1 	 1 x 1 	 1 1 x x 1 1
TEC+ Disk 4 :
		 470356806 	 1 	 1 1 1 	 1 1 1 1 1 1 
		 470356868 	 0 	 0 x 0 	 0 0 x x 1 0
		 470360976 	 0 	 0 x 0 	 0 0 x x 0 1
		 470361484 	 1 	 1 x 1 	 1 1 x x 1 1
TEC+ Disk 5 :
		 470372782 	 0 	 0 0 0 	 0 0 1 0 0 0 
		 470373356 	 1 	 1 x 1 	 1 1 x x 1 1
		 470373445 	 1 	 1 1 1 	 1 1 1 1 1 1 
		 470378665 	 0 	 0 0 0 	 0 0 0 0 0 1 
		 470378736 	 0 	 0 x 0 	 0 0 x x 1 0
TEC+ Disk 6 :
		 470389061 	 1 	 1 1 1 	 1 1 1 1 1 1 
		 470389062 	 0 	 0 0 0 	 0 0 1 0 0 0 
		 470390086 	 1 	 1 1 1 	 1 1 1 1 1 1 
		 470393253 	 1 	 1 1 1 	 1 1 1 1 1 1 
		 470393254 	 1 	 1 1 1 	 1 1 1 1 1 1 
		 470393257 	 1 	 1 1 1 	 1 1 1 1 1 1 
		 470393258 	 1 	 1 1 1 	 1 1 1 1 1 1 
		 470393316 	 1 	 1 x 1 	 1 1 x x 1 1
		 470393320 	 1 	 1 x 1 	 1 1 x x 1 1
		 470393324 	 1 	 1 x 1 	 1 1 x x 1 1
		 470393328 	 1 	 1 x 1 	 1 1 x x 1 1
		 470393332 	 1 	 1 x 1 	 1 1 x x 1 1
TEC+ Disk 7 :
		 470405732 	 1 	 1 x 1 	 1 1 x x 1 1
		 470405736 	 1 	 1 x 1 	 1 1 x x 1 1
		 470405764 	 1 	 1 x 1 	 1 1 x x 1 1
		 470405768 	 1 	 1 x 1 	 1 1 x x 1 1
		 470405772 	 1 	 1 x 1 	 1 1 x x 1 1
		 470405828 	 1 	 1 x 1 	 1 1 x x 1 1
		 470405832 	 1 	 1 x 1 	 1 1 x x 1 1
		 470405836 	 1 	 1 x 1 	 1 1 x x 1 1
		 470407012 	 0 	 0 x 0 	 1 0 x x 0 0
		 470409898 	 1 	 1 1 1 	 1 1 1 1 1 1 
		 470410736 	 1 	 1 x 1 	 1 1 x x 1 1
		 470410740 	 1 	 1 x 1 	 1 1 x x 1 1
TEC+ Disk 8 :
		 470422220 	 0 	 0 x 0 	 0 1 x x 0 0
		 470422698 	 1 	 1 1 1 	 1 1 1 1 1 1 
		 470422884 	 1 	 1 x 1 	 1 1 x x 1 1
		 470422888 	 1 	 1 x 1 	 1 1 x x 1 1
		 470422916 	 1 	 1 x 1 	 1 1 x x 1 1
		 470422920 	 1 	 1 x 1 	 1 1 x x 1 1
		 470422924 	 1 	 1 x 1 	 1 1 x x 1 1
		 470422980 	 1 	 1 x 1 	 1 1 x x 1 1
		 470422984 	 1 	 1 x 1 	 1 1 x x 1 1
		 470422988 	 1 	 1 x 1 	 1 1 x x 1 1
		 470426512 	 1 	 1 x 1 	 1 1 x x 1 1
		 470427268 	 1 	 1 x 1 	 1 1 x x 1 1
		 470427344 	 0 	 0 x 0 	 0 0 x x 0 1
TEC+ Disk 9 :
		 470438896 	 0 	 0 x 0 	 0 0 x x 1 0
		 470442480 	 0 	 0 x 0 	 0 0 x x 1 0
		 470443916 	 0 	 0 x 0 	 0 0 x x 0 1
TEC- Disk 1 :
		 470046533 	 0 	 0 1 0 	 0 0 1 1 0 0 
		 470046637 	 0 	 0 0 0 	 0 0 0 1 0 0 
		 470049132 	 0 	 0 x 1 	 0 0 x x 1 1
TEC- Disk 2 :
		 470061452 	 1 	 1 x 1 	 1 1 x x 1 1
		 470062276 	 0 	 0 x 1 	 0 0 x x 1 1
		 470062629 	 1 	 1 1 1 	 1 1 1 1 1 1 
		 470062630 	 1 	 1 1 1 	 1 1 1 1 1 1 
		 470062661 	 1 	 1 1 1 	 1 1 1 1 1 1 
		 470062662 	 1 	 1 1 1 	 1 1 1 1 1 1 
		 470062692 	 1 	 1 x 1 	 1 1 x x 1 1
		 470062696 	 1 	 1 x 1 	 1 1 x x 1 1
		 470062724 	 1 	 1 x 1 	 1 1 x x 1 1
		 470062728 	 1 	 1 x 1 	 1 1 x x 1 1
		 470062732 	 1 	 1 x 1 	 1 1 x x 1 1
		 470062820 	 0 	 0 x 0 	 0 0 x x 1 0
		 470062918 	 0 	 0 1 0 	 0 0 1 1 0 0 
		 470063044 	 0 	 0 x 1 	 0 0 x x 1 1
		 470063048 	 0 	 0 x 0 	 0 0 x x 1 0
		 470063300 	 0 	 1 x 0 	 1 1 x x 0 0
		 470065445 	 0 	 0 0 1 	 0 0 0 0 1 1 
		 470065989 	 0 	 0 0 0 	 0 0 0 0 1 0 
		 470066672 	 0 	 0 x 1 	 0 0 x x 1 1
		 470067148 	 0 	 0 x 0 	 0 0 x x 0 1
		 470067404 	 0 	 0 x 1 	 0 0 x x 1 1
TEC- Disk 3 :
		 470078118 	 0 	 1 0 0 	 1 1 0 0 0 0 
		 470078860 	 0 	 0 x 0 	 0 0 x x 1 0
		 470079364 	 0 	 0 x 0 	 0 0 x x 1 0
TEC- Disk 4 :
		 470094406 	 0 	 1 0 0 	 1 1 0 0 0 0 
		 470096012 	 0 	 0 x 1 	 0 0 x x 1 1
		 470100172 	 0 	 0 x 1 	 0 0 x x 1 1
TEC- Disk 5 :
		 470112132 	 0 	 0 x 0 	 0 0 x x 1 0
		 470112429 	 0 	 0 1 0 	 0 0 1 1 0 0 
		 470115724 	 0 	 0 x 0 	 0 0 x x 1 0
		 470115812 	 0 	 1 x 0 	 1 1 x x 0 0
		 470116460 	 0 	 0 x 1 	 0 0 x x 1 1
TEC- Disk 6 :
		 470128453 	 1 	 1 1 1 	 1 1 1 1 1 1 
		 470128620 	 1 	 1 x 1 	 1 1 x x 1 1
		 470131052 	 0 	 0 x 1 	 0 0 x x 1 1
		 470131269 	 1 	 1 1 1 	 1 1 1 1 1 1 
		 470131270 	 1 	 1 1 1 	 1 1 1 1 1 1 
		 470131273 	 1 	 1 1 1 	 1 1 1 1 1 1 
		 470131274 	 1 	 1 1 1 	 1 1 1 1 1 1 
		 470131621 	 1 	 1 1 1 	 1 1 1 1 1 1 
		 470131786 	 1 	 1 1 1 	 1 1 1 1 1 1 
		 470132612 	 0 	 1 x 0 	 1 1 x x 0 0
		 470132964 	 0 	 0 x 1 	 0 0 x x 1 1
TEC- Disk 7 :
		 470143460 	 1 	 1 x 1 	 1 1 x x 1 1
		 470143464 	 1 	 1 x 1 	 1 1 x x 1 1
		 470144496 	 0 	 0 x 0 	 1 0 x x 0 0
		 470147749 	 1 	 1 1 1 	 1 1 1 1 1 1 
		 470147750 	 1 	 1 1 1 	 1 1 1 1 1 1 
		 470148304 	 1 	 1 x 1 	 1 1 x x 1 1
		 470148752 	 0 	 0 x 1 	 0 0 x x 1 1
TEC- Disk 8 :
		 470160588 	 1 	 1 x 1 	 1 1 x x 1 1
		 470161092 	 0 	 0 x 1 	 0 0 x x 1 1
		 470163848 	 1 	 1 x 1 	 1 1 x x 1 1
		 470163916 	 1 	 1 x 1 	 1 1 x x 1 1
		 470164332 	 0 	 0 x 1 	 0 0 x x 1 1
		 470164464 	 1 	 1 x 1 	 1 1 x x 1 1
		 470165100 	 0 	 0 x 1 	 0 0 x x 1 1
TEC- Disk 9 :
		 470176396 	 1 	 1 x 1 	 1 1 x x 1 1
		 470176644 	 1 	 1 x 1 	 1 1 x x 1 1
		 470176648 	 1 	 1 x 1 	 1 1 x x 1 1
		 470176652 	 1 	 1 x 1 	 1 1 x x 1 1
		 470177224 	 0 	 1 x 0 	 1 1 x x 0 0
		 470181096 	 0 	 1 x 0 	 1 1 x x 0 0
%MSG
>>> processing event # run: 290198 lumi: 1 event: 1 time 1
>>> processed 1 events
